<?xml version="1.0" encoding="UTF-8"?>
<!-- Generated by org.testng.reporters.JUnitReportReporter -->
<testsuite hostname="LAPTOP-JUND32GT" failures="0" tests="1" name="testCases.TC_001_AccountRegistrationTest" time="1.149" errors="0" timestamp="2023-02-17T17:57:40 IST" skipped="0">
  <testcase classname="testCases.TC_001_AccountRegistrationTest" name="test_account_registration" time="1.149"/>
  <system-out/>
</testsuite> <!-- testCases.TC_001_AccountRegistrationTest -->
