<?xml version="1.0" encoding="UTF-8"?>
<!-- Generated by org.testng.reporters.JUnitReportReporter -->
<testsuite hostname="LAPTOP-JUND32GT" failures="0" tests="1" name="testCases.TC_001_AccountRegistrationTest" time="0.830" errors="0" timestamp="2023-02-16T21:19:38 IST" skipped="0">
  <testcase classname="testCases.TC_001_AccountRegistrationTest" name="test_account_registration" time="0.830"/>
  <system-out/>
</testsuite> <!-- testCases.TC_001_AccountRegistrationTest -->
